\BOOKMARK [1][-]{cover.1}{\376\377\134\001\000\040\227\142}{}% 1
\BOOKMARK [1][-]{title.1}{\376\377\150\007\000\040\230\230}{}% 2
\BOOKMARK [1][-]{contents.1}{\376\377\166\356\000\040\137\125}{}% 3
\BOOKMARK [1][-]{section.1}{\376\377\0001\000\040\225\356\230\230\221\315\217\360}{}% 4
\BOOKMARK [2][-]{subsection.1.1}{\376\377\0001\000.\0001\000\040\225\356\230\230\200\314\146\157}{section.1}% 5
\BOOKMARK [2][-]{subsection.1.2}{\376\377\0001\000.\0002\000\040\225\356\230\230\166\204\143\320\121\372}{section.1}% 6
\BOOKMARK [1][-]{section.2}{\376\377\0002\000\040\152\041\127\213\166\204\120\107\213\276}{}% 7
\BOOKMARK [1][-]{section.3}{\376\377\0003\000\040\173\046\123\367\213\364\146\016}{}% 8
\BOOKMARK [1][-]{section.4}{\376\377\0004\000\040\225\356\230\230\166\204\122\006\147\220}{}% 9
\BOOKMARK [2][-]{subsection.4.1}{\376\377\0004\000.\0001\000\040\060\020\225\356\230\230\116\000\060\021\210\100\200\277\142\151\137\040\230\316\226\151\166\370\121\163\126\340\175\040\143\242\175\042\136\372\152\041}{section.4}% 10
\BOOKMARK [3][-]{subsubsection.4.1.1}{\376\377\0004\000.\0001\000.\0001\000\040\225\356\230\230\122\006\147\220\0001\000a\377\032\0004\0008\134\017\145\366\121\205\210\100\200\277\142\151\137\040\122\044\145\255}{subsection.4.1}% 11
\BOOKMARK [3][-]{subsubsection.4.1.2}{\376\377\0004\000.\0001\000.\0002\000\040\225\356\230\230\122\006\147\220\0001\000b\377\032\142\100\147\011\140\243\200\005\210\100\200\277\142\151\137\040\151\202\211\310\230\204\155\113}{subsection.4.1}% 12
\BOOKMARK [3][-]{subsubsection.4.1.3}{\376\377\0004\000.\0001\000.\0003\000\040\164\006\213\272\127\372\170\100}{subsection.4.1}% 13
\BOOKMARK [3][-]{subsubsection.4.1.4}{\376\377\0004\000.\0001\000.\0004\000\040\152\041\127\213\136\372\172\313\116\016\154\102\211\343}{subsection.4.1}% 14
\BOOKMARK [2][-]{subsection.4.2}{\376\377\0004\000.\0002\000\040\060\020\225\356\230\230\116\214\060\021\210\100\200\277\124\150\126\364\154\064\200\277\217\333\134\125\124\214\154\273\165\227\121\163\200\124\143\242\175\042}{section.4}% 15
\BOOKMARK [3][-]{subsubsection.4.2.1}{\376\377\0004\000.\0002\000.\0001\000\040\225\356\230\230\122\006\147\220\0002\000a\377\032\121\150\117\123\140\243\200\005\154\064\200\277\117\123\171\357\226\217\145\366\225\364\217\333\134\125\146\362\176\277\142\337\124\010}{subsection.4.2}% 16
\BOOKMARK [3][-]{subsubsection.4.2.2}{\376\377\0004\000.\0002\000.\0002\000\040\225\356\230\230\122\006\147\220\0002\000b\377\032\116\272\177\244\116\232\176\304\122\022\122\006\116\016\146\362\176\277\142\337\124\010}{subsection.4.2}% 17
\BOOKMARK [3][-]{subsubsection.4.2.3}{\376\377\0004\000.\0002\000.\0003\000\040\225\356\230\230\122\006\147\220\0002\000c\377\032\154\273\165\227\145\271\154\325\116\016\154\064\200\277\117\123\171\357\217\333\134\125\121\163\174\373}{subsection.4.2}% 18
\BOOKMARK [3][-]{subsubsection.4.2.4}{\376\377\0004\000.\0002\000.\0004\000\040\225\356\230\230\122\006\147\220\0002\000d\377\032\210\100\200\277\060\001\154\064\200\277\123\312\154\273\165\227\145\271\154\325\116\011\200\005\116\113\225\364\166\204\121\163\174\373}{subsection.4.2}% 19
\BOOKMARK [3][-]{subsubsection.4.2.5}{\376\377\0004\000.\0002\000.\0005\000\040\152\041\127\213\136\372\172\313\116\016\154\102\211\343}{subsection.4.2}% 20
\BOOKMARK [2][-]{subsection.4.3}{\376\377\0004\000.\0003\000\040\060\020\225\356\230\230\116\011\060\021\140\243\200\005\230\204\124\016\230\204\155\113\123\312\121\163\225\056\126\340\175\040\143\242\175\042}{section.4}% 21
\BOOKMARK [3][-]{subsubsection.4.3.1}{\376\377\0004\000.\0003\000.\0001\000\040\225\356\230\230\122\006\147\220\0003\000a\377\032\140\243\200\005\0009\0000\131\051\000m\000R\000S\230\204\155\113}{subsection.4.3}% 22
\BOOKMARK [3][-]{subsubsection.4.3.2}{\376\377\0004\000.\0003\000.\0002\000\040\225\356\230\230\122\006\147\220\0003\000b\377\032\130\236\137\072\145\160\143\156\166\204\140\243\200\005\0009\0000\131\051\000m\000R\000S\230\204\155\113}{subsection.4.3}% 23
\BOOKMARK [3][-]{subsubsection.4.3.3}{\376\377\0004\000.\0003\000.\0003\000\040\225\356\230\230\122\006\147\220\0003\000c\377\032\140\243\200\005\131\032\126\340\175\040\121\163\200\124\121\163\174\373\122\006\147\220\116\016\136\372\213\256}{subsection.4.3}% 24
\BOOKMARK [3][-]{subsubsection.4.3.4}{\376\377\0004\000.\0003\000.\0004\000\040\152\041\127\213\136\372\172\313\116\016\154\102\211\343}{subsection.4.3}% 25
\BOOKMARK [1][-]{section.5}{\376\377\0005\000\040\152\041\127\213\166\204\213\304\116\367}{}% 26
\BOOKMARK [2][-]{subsection.5.1}{\376\377\0005\000.\0001\000\040\152\041\127\213\166\204\117\030\160\271}{section.5}% 27
\BOOKMARK [2][-]{subsection.5.2}{\376\377\0005\000.\0002\000\040\152\041\127\213\166\204\177\072\160\271}{section.5}% 28
\BOOKMARK [1][-]{section*.53}{\376\377\123\302\200\003\145\207\163\056}{}% 29
